2024-03-14T05:38:00.242Z [NODE_PROJECT] error: ER_BAD_FIELD_ERROR: Unknown column 'customer_name' in 'where clause'
2024-03-14T05:55:10.073Z [NODE_PROJECT] error: ER_BAD_FIELD_ERROR: Unknown column 'customer_name' in 'field list'
2024-03-14T05:57:10.726Z [NODE_PROJECT] error: ER_TRUNCATED_WRONG_VALUE_FOR_FIELD: Incorrect integer value: '' for column 'employee_id' at row 1
2024-03-14T06:00:40.859Z [NODE_PROJECT] error: ER_TRUNCATED_WRONG_VALUE_FOR_FIELD: Incorrect integer value: '' for column 'employee_id' at row 1
2024-03-14T06:04:34.584Z [NODE_PROJECT] error: ER_BAD_FIELD_ERROR: Unknown column 'email' in 'field list'
2024-03-14T06:06:39.094Z [NODE_PROJECT] error: ER_TRUNCATED_WRONG_VALUE_FOR_FIELD: Incorrect integer value: '' for column 'employee_id' at row 1
2024-03-14T06:08:26.863Z [NODE_PROJECT] error: ER_TRUNCATED_WRONG_VALUE_FOR_FIELD: Incorrect integer value: '' for column 'employee_id' at row 1
2024-03-14T06:20:40.874Z [NODE_PROJECT] error: ER_TRUNCATED_WRONG_VALUE_FOR_FIELD: Incorrect integer value: '' for column 'employee_id' at row 1
2024-03-14T06:22:40.916Z [NODE_PROJECT] error: ER_TRUNCATED_WRONG_VALUE_FOR_FIELD: Incorrect integer value: '' for column 'employee_id' at row 1
2024-03-14T06:33:41.370Z [NODE_PROJECT] error: ER_TRUNCATED_WRONG_VALUE_FOR_FIELD: Incorrect integer value: '' for column 'employee_id' at row 1
2024-03-14T06:38:24.335Z [NODE_PROJECT] error: ER_TRUNCATED_WRONG_VALUE_FOR_FIELD: Incorrect integer value: '' for column 'employee_id' at row 1
2024-03-14T06:39:57.455Z [NODE_PROJECT] error: ER_WRONG_VALUE_COUNT_ON_ROW: Column count doesn't match value count at row 1
2024-03-14T06:41:24.862Z [NODE_PROJECT] error: ER_WRONG_VALUE_COUNT_ON_ROW: Column count doesn't match value count at row 1
2024-03-14T06:42:02.520Z [NODE_PROJECT] error: ER_WRONG_VALUE_COUNT_ON_ROW: Column count doesn't match value count at row 1
2024-03-14T06:42:25.243Z [NODE_PROJECT] error: ER_WRONG_VALUE_COUNT_ON_ROW: Column count doesn't match value count at row 1
2024-03-14T06:43:02.376Z [NODE_PROJECT] error: ER_WRONG_VALUE_COUNT_ON_ROW: Column count doesn't match value count at row 1
2024-03-14T06:43:32.034Z [NODE_PROJECT] error: ER_WRONG_VALUE_COUNT_ON_ROW: Column count doesn't match value count at row 1
2024-03-14T06:43:53.777Z [NODE_PROJECT] error: ER_TRUNCATED_WRONG_VALUE_FOR_FIELD: Incorrect integer value: '' for column 'employee_id' at row 1
2024-03-14T06:48:58.309Z [NODE_PROJECT] error: ER_NO_REFERENCED_ROW_2: Cannot add or update a child row: a foreign key constraint fails (`nodevuejs`.`customer`, CONSTRAINT `fk_employee_id` FOREIGN KEY (`employee_id`) REFERENCES `employee` (`employee_id`))
2024-03-14T06:51:11.643Z [NODE_PROJECT] error: ER_NO_REFERENCED_ROW_2: Cannot add or update a child row: a foreign key constraint fails (`nodevuejs`.`customer`, CONSTRAINT `fk_employee_id` FOREIGN KEY (`employee_id`) REFERENCES `employee` (`employee_id`))
2024-03-14T06:53:57.924Z [NODE_PROJECT] error: ER_NO_REFERENCED_ROW_2: Cannot add or update a child row: a foreign key constraint fails (`nodevuejs`.`customer`, CONSTRAINT `fk_employee_id` FOREIGN KEY (`employee_id`) REFERENCES `employee` (`employee_id`))
2024-03-14T07:34:30.307Z [NODE_PROJECT] error: ER_PARSE_ERROR: You have an error in your SQL syntax; check the manual that corresponds to your MySQL server version for the right syntax to use near 'undefined' at line 1
2024-03-14T07:34:57.252Z [NODE_PROJECT] error: ER_PARSE_ERROR: You have an error in your SQL syntax; check the manual that corresponds to your MySQL server version for the right syntax to use near 'undefined' at line 1
2024-03-14T09:06:03.644Z [NODE_PROJECT] error: ER_BAD_FIELD_ERROR: Unknown column 'ti.customer_id' in 'where clause'
2024-03-14T13:20:25.126Z [NODE_PROJECT] error: ER_PARSE_ERROR: You have an error in your SQL syntax; check the manual that corresponds to your MySQL server version for the right syntax to use near 'undefined' at line 1
